  Window.cpp
C:\Program Files\Microsoft Visual Studio\2022\Community\VC\Tools\MSVC\14.35.32215\include\limits.h(70,5): warning C4668: '__STDC_WANT_SECURE_LIB__' is not defined as a preprocessor macro, replacing with '0' for '#if/#elif'
C:\Users\cheng\OneDrive - DigiPen Institute of Technology\Goop\GoopEngine\lib\glfw-3.3.8.bin.WIN64\include\GLFW\glfw3.h(1705,1): warning C4820: 'GLFWgammaramp': '4' bytes padding added after data member 'GLFWgammaramp::size'
C:\Users\cheng\OneDrive - DigiPen Institute of Technology\Goop\GoopEngine\lib\glfw-3.3.8.bin.WIN64\include\GLFW\glfw3.h(1753,18): warning C4820: 'GLFWgamepadstate': '1' bytes padding added after data member 'GLFWgamepadstate::buttons'
C:\Users\cheng\OneDrive - DigiPen Institute of Technology\Goop\GoopEngine\Editor\src\GLApp\Window\Window.cpp(24,21): warning C4242: 'argument': conversion from 'GLenum' to '_Elem', possible loss of data
          with
          [
              _Elem=char
          ]
C:\Users\cheng\OneDrive - DigiPen Institute of Technology\Goop\GoopEngine\Editor\src\GLApp\Window\Window.cpp(24,21): warning C4365: 'argument': conversion from 'GLenum' to '_Elem', signed/unsigned mismatch
          with
          [
              _Elem=char
          ]
C:\Users\cheng\OneDrive - DigiPen Institute of Technology\Goop\GoopEngine\Editor\src\GLApp\Window\Window.cpp(44,34): warning C4100: 'error': unreferenced formal parameter
C:\Program Files\Microsoft Visual Studio\2022\Community\VC\Tools\MSVC\14.35.32215\include\ostream(1006): warning C4710: 'char __cdecl std::basic_ios<char,struct std::char_traits<char> >::widen(char)const __ptr64': function not inlined
C:\Program Files\Microsoft Visual Studio\2022\Community\VC\Tools\MSVC\14.35.32215\include\ostream(1006): warning C4710: 'class std::basic_ostream<char,struct std::char_traits<char> > & __ptr64 __cdecl std::basic_ostream<char,struct std::char_traits<char> >::put(char) __ptr64': function not inlined
C:\Program Files\Microsoft Visual Studio\2022\Community\VC\Tools\MSVC\14.35.32215\include\ostream(1007): warning C4710: 'class std::basic_ostream<char,struct std::char_traits<char> > & __ptr64 __cdecl std::basic_ostream<char,struct std::char_traits<char> >::flush(void) __ptr64': function not inlined
C:\Program Files\Microsoft Visual Studio\2022\Community\VC\Tools\MSVC\14.35.32215\include\ostream(118): warning C4710: 'void __cdecl std::basic_ostream<char,struct std::char_traits<char> >::_Osfx(void) __ptr64': function not inlined
C:\Program Files\Microsoft Visual Studio\2022\Community\VC\Tools\MSVC\14.35.32215\include\ostream(103): warning C4710: 'class std::basic_ostream<char,struct std::char_traits<char> > & __ptr64 __cdecl std::basic_ostream<char,struct std::char_traits<char> >::flush(void) __ptr64': function not inlined
C:\Program Files\Microsoft Visual Studio\2022\Community\VC\Tools\MSVC\14.35.32215\include\exception(329): warning C4710: '__cdecl std::bad_array_new_length::bad_array_new_length(void) __ptr64': function not inlined
C:\Program Files\Microsoft Visual Studio\2022\Community\VC\Tools\MSVC\14.35.32215\include\xmemory(131): warning C4710: 'void __cdecl std::_Throw_bad_array_new_length(void)': function not inlined
C:\Program Files\Microsoft Visual Studio\2022\Community\VC\Tools\MSVC\14.35.32215\include\ostream(777): warning C4710: 'int __cdecl std::basic_streambuf<char,struct std::char_traits<char> >::sputc(char) __ptr64': function not inlined
C:\Program Files\Microsoft Visual Studio\2022\Community\VC\Tools\MSVC\14.35.32215\include\ostream(784): warning C4710: '__int64 __cdecl std::basic_streambuf<char,struct std::char_traits<char> >::sputn(char const * __ptr64,__int64) __ptr64': function not inlined
C:\Program Files\Microsoft Visual Studio\2022\Community\VC\Tools\MSVC\14.35.32215\include\ostream(790): warning C4710: 'int __cdecl std::basic_streambuf<char,struct std::char_traits<char> >::sputc(char) __ptr64': function not inlined
C:\Program Files\Microsoft Visual Studio\2022\Community\VC\Tools\MSVC\14.35.32215\include\ostream(798): warning C4710: 'void __cdecl std::basic_ios<char,struct std::char_traits<char> >::setstate(int,bool) __ptr64': function not inlined
C:\Program Files\Microsoft Visual Studio\2022\Community\VC\Tools\MSVC\14.35.32215\include\ostream(801): warning C4710: 'void __cdecl std::basic_ios<char,struct std::char_traits<char> >::setstate(int,bool) __ptr64': function not inlined
C:\Program Files\Microsoft Visual Studio\2022\Community\VC\Tools\MSVC\14.35.32215\include\xmemory(229): warning C4711: function 'void * __ptr64 __cdecl std::_Allocate_manually_vector_aligned<struct std::_Default_allocate_traits>(unsigned __int64)' selected for automatic inline expansion
C:\Program Files\Microsoft Visual Studio\2022\Community\VC\Tools\MSVC\14.35.32215\include\xstring(526): warning C4710: 'int __cdecl std::basic_streambuf<char,struct std::char_traits<char> >::sputc(char) __ptr64': function not inlined
C:\Program Files\Microsoft Visual Studio\2022\Community\VC\Tools\MSVC\14.35.32215\include\xstring(534): warning C4710: '__int64 __cdecl std::basic_streambuf<char,struct std::char_traits<char> >::sputn(char const * __ptr64,__int64) __ptr64': function not inlined
C:\Program Files\Microsoft Visual Studio\2022\Community\VC\Tools\MSVC\14.35.32215\include\xstring(538): warning C4710: 'int __cdecl std::basic_streambuf<char,struct std::char_traits<char> >::sputc(char) __ptr64': function not inlined
C:\Program Files\Microsoft Visual Studio\2022\Community\VC\Tools\MSVC\14.35.32215\include\xstring(546): warning C4710: 'void __cdecl std::basic_ios<char,struct std::char_traits<char> >::setstate(int,bool) __ptr64': function not inlined
C:\Program Files\Microsoft Visual Studio\2022\Community\VC\Tools\MSVC\14.35.32215\include\xstring(549): warning C4710: 'void __cdecl std::basic_ios<char,struct std::char_traits<char> >::setstate(int,bool) __ptr64': function not inlined
C:\Program Files\Microsoft Visual Studio\2022\Community\VC\Tools\MSVC\14.35.32215\include\xmemory(229): warning C4711: function 'void * __ptr64 __cdecl std::_Allocate_manually_vector_aligned<struct std::_Default_allocate_traits>(unsigned __int64)' selected for automatic inline expansion
C:\Program Files\Microsoft Visual Studio\2022\Community\VC\Tools\MSVC\14.35.32215\include\xstring(2740): warning C4710: 'void __cdecl std::_Xlen_string(void)': function not inlined
C:\Program Files\Microsoft Visual Studio\2022\Community\VC\Tools\MSVC\14.35.32215\include\xstring(2771): warning C4710: 'char * __ptr64 __cdecl std::allocator<char>::allocate(unsigned __int64) __ptr64': function not inlined
C:\Program Files\Microsoft Visual Studio\2022\Community\VC\Tools\MSVC\14.35.32215\include\xstring(4943): warning C4710: 'void __cdecl std::_Xlen_string(void)': function not inlined
C:\Program Files\Microsoft Visual Studio\2022\Community\VC\Tools\MSVC\14.35.32215\include\xmemory(229): warning C4711: function 'void * __ptr64 __cdecl std::_Allocate_manually_vector_aligned<struct std::_Default_allocate_traits>(unsigned __int64)' selected for automatic inline expansion
C:\Program Files\Microsoft Visual Studio\2022\Community\VC\Tools\MSVC\14.35.32215\include\xstring(2674): warning C4710: 'void __cdecl std::basic_string<char,struct std::char_traits<char>,class std::allocator<char> >::_Construct<1,char const * __ptr64>(char const * __ptr64 const,unsigned __int64) __ptr64': function not inlined
C:\Program Files\Microsoft Visual Studio\2022\Community\VC\Tools\MSVC\14.35.32215\include\xstring(4207): warning C4710: 'class std::basic_string<char,struct std::char_traits<char>,class std::allocator<char> > & __ptr64 __cdecl std::basic_string<char,struct std::char_traits<char>,class std::allocator<char> >::_Reallocate_grow_by<class `void __cdecl std::basic_string<char,struct std::char_traits<char>,class std::allocator<char> >::push_back(char) __ptr64'::`2'::<lambda_1>,char>(unsigned __int64,class `void __cdecl std::basic_string<char,struct std::char_traits<char>,class std::allocator<char> >::push_back(char) __ptr64'::`2'::<lambda_1>,char) __ptr64': function not inlined
C:\Users\cheng\OneDrive - DigiPen Institute of Technology\Goop\GoopEngine\Editor\include\def.h(18): warning C4710: 'class std::basic_ostream<char,struct std::char_traits<char> > & __ptr64 __cdecl std::basic_ostream<char,struct std::char_traits<char> >::operator<<(int) __ptr64': function not inlined
C:\Users\cheng\OneDrive - DigiPen Institute of Technology\Goop\GoopEngine\Editor\include\def.h(14): warning C4710: 'class std::basic_ostream<char,struct std::char_traits<char> > & __ptr64 __cdecl std::basic_ostream<char,struct std::char_traits<char> >::operator<<(class std::basic_ostream<char,struct std::char_traits<char> > & __ptr64 (__cdecl*)(class std::basic_ostream<char,struct std::char_traits<char> > & __ptr64)) __ptr64': function not inlined
C:\Users\cheng\OneDrive - DigiPen Institute of Technology\Goop\GoopEngine\Editor\include\def.h(18): warning C4710: 'class std::basic_ostream<char,struct std::char_traits<char> > & __ptr64 __cdecl std::basic_ostream<char,struct std::char_traits<char> >::operator<<(class std::basic_ostream<char,struct std::char_traits<char> > & __ptr64 (__cdecl*)(class std::basic_ostream<char,struct std::char_traits<char> > & __ptr64)) __ptr64': function not inlined
C:\Users\cheng\OneDrive - DigiPen Institute of Technology\Goop\GoopEngine\Editor\include\def.h(18): warning C4711: function 'class std::basic_ostream<char,struct std::char_traits<char> > & __ptr64 __cdecl std::operator<<<char,struct std::char_traits<char>,class std::allocator<char> >(class std::basic_ostream<char,struct std::char_traits<char> > & __ptr64,class std::basic_string<char,struct std::char_traits<char>,class std::allocator<char> > const & __ptr64)' selected for automatic inline expansion
C:\Users\cheng\OneDrive - DigiPen Institute of Technology\Goop\GoopEngine\Editor\include\def.h(14): warning C4711: function 'class std::basic_ostream<char,struct std::char_traits<char> > & __ptr64 __cdecl std::operator<<<char,struct std::char_traits<char>,class std::allocator<char> >(class std::basic_ostream<char,struct std::char_traits<char> > & __ptr64,class std::basic_string<char,struct std::char_traits<char>,class std::allocator<char> > const & __ptr64)' selected for automatic inline expansion
C:\Users\cheng\OneDrive - DigiPen Institute of Technology\Goop\GoopEngine\Editor\include\def.h(14): warning C4711: function 'class std::basic_ostream<char,struct std::char_traits<char> > & __ptr64 __cdecl std::operator<<<char,struct std::char_traits<char>,class std::allocator<char> >(class std::basic_ostream<char,struct std::char_traits<char> > & __ptr64,class std::basic_string<char,struct std::char_traits<char>,class std::allocator<char> > const & __ptr64)' selected for automatic inline expansion
C:\Users\cheng\OneDrive - DigiPen Institute of Technology\Goop\GoopEngine\Editor\src\GLApp\Window\Window.cpp(46): warning C4711: function 'void __cdecl debugger::err_log(class std::basic_string<char,struct std::char_traits<char>,class std::allocator<char> > const & __ptr64)' selected for automatic inline expansion
C:\Users\cheng\OneDrive - DigiPen Institute of Technology\Goop\GoopEngine\Editor\src\GLApp\Window\Window.cpp(17): warning C4710: '__cdecl std::basic_string<char,struct std::char_traits<char>,class std::allocator<char> >::basic_string<char,struct std::char_traits<char>,class std::allocator<char> >(char const * __ptr64 const) __ptr64': function not inlined
C:\Users\cheng\OneDrive - DigiPen Institute of Technology\Goop\GoopEngine\Editor\src\GLApp\Window\Window.cpp(17): warning C4710: '__cdecl std::basic_string<char,struct std::char_traits<char>,class std::allocator<char> >::~basic_string<char,struct std::char_traits<char>,class std::allocator<char> >(void) __ptr64': function not inlined
C:\Users\cheng\OneDrive - DigiPen Institute of Technology\Goop\GoopEngine\Editor\src\GLApp\Window\Window.cpp(23): warning C4710: '__cdecl std::basic_string<char,struct std::char_traits<char>,class std::allocator<char> >::basic_string<char,struct std::char_traits<char>,class std::allocator<char> >(char const * __ptr64 const) __ptr64': function not inlined
C:\Users\cheng\OneDrive - DigiPen Institute of Technology\Goop\GoopEngine\Editor\src\GLApp\Window\Window.cpp(24): warning C4710: 'class std::basic_string<char,struct std::char_traits<char>,class std::allocator<char> > & __ptr64 __cdecl std::basic_string<char,struct std::char_traits<char>,class std::allocator<char> >::operator+=(char) __ptr64': function not inlined
  main.cpp
C:\Program Files\Microsoft Visual Studio\2022\Community\VC\Tools\MSVC\14.35.32215\include\limits.h(70,5): warning C4668: '__STDC_WANT_SECURE_LIB__' is not defined as a preprocessor macro, replacing with '0' for '#if/#elif'
C:\Users\cheng\OneDrive - DigiPen Institute of Technology\Goop\GoopEngine\lib\glfw-3.3.8.bin.WIN64\include\GLFW\glfw3.h(1705,1): warning C4820: 'GLFWgammaramp': '4' bytes padding added after data member 'GLFWgammaramp::size'
C:\Users\cheng\OneDrive - DigiPen Institute of Technology\Goop\GoopEngine\lib\glfw-3.3.8.bin.WIN64\include\GLFW\glfw3.h(1753,18): warning C4820: 'GLFWgamepadstate': '1' bytes padding added after data member 'GLFWgamepadstate::buttons'
C:\Users\cheng\OneDrive - DigiPen Institute of Technology\Goop\GoopEngine\Editor\src\main.cpp(5,26): warning C4100: 'argv': unreferenced formal parameter
C:\Users\cheng\OneDrive - DigiPen Institute of Technology\Goop\GoopEngine\Editor\src\main.cpp(5,14): warning C4100: 'argc': unreferenced formal parameter
  pch.cpp
  Editor.vcxproj -> C:\Users\cheng\OneDrive - DigiPen Institute of Technology\Goop\GoopEngine\x64\Release_Warnings_Allowed\Editor.exe
          1 file(s) copied.
          1 file(s) copied.
